[I 15:07:37.941 NotebookApp] The port 9999 is already in use, trying another port.
[I 15:07:37.941 NotebookApp] The port 10000 is already in use, trying another port.
[I 15:07:37.941 NotebookApp] The port 10001 is already in use, trying another port.
[I 15:07:37.941 NotebookApp] The port 10002 is already in use, trying another port.
[I 15:07:37.942 NotebookApp] The port 10003 is already in use, trying another port.
[I 15:07:37.998 NotebookApp] Serving notebooks from local directory: /Users/jiayao/Work/GitRepos/CohortPCA
[I 15:07:37.998 NotebookApp] 0 active kernels 
[I 15:07:37.998 NotebookApp] The Jupyter Notebook is running at: https://[all ip addresses on your system]:9959/
[I 15:07:37.998 NotebookApp] Use Control-C to stop this server and shut down all kernels (twice to skip confirmation).
[I 15:09:18.556 NotebookApp] 302 GET / (::1) 1.04ms
[I 15:09:18.606 NotebookApp] 302 GET /tree? (::1) 0.68ms
[I 15:09:26.444 NotebookApp] 302 POST /login?next=%2Ftree%3F (::1) 0.90ms
[I 15:09:30.434 NotebookApp] Kernel started: 24339aec-4c8b-46ff-9c44-0a2ce0d64abc
[I 15:11:30.343 NotebookApp] Saving file at /Dev.ipynb
[I 15:13:30.339 NotebookApp] Saving file at /Dev.ipynb
[I 15:15:30.339 NotebookApp] Saving file at /Dev.ipynb
[I 15:17:30.341 NotebookApp] Saving file at /Dev.ipynb
[I 15:19:30.341 NotebookApp] Saving file at /Dev.ipynb
[I 15:21:30.337 NotebookApp] Saving file at /Dev.ipynb
[C 11:11:18.543 NotebookApp] received signal 15, stopping
[I 11:11:20.311 NotebookApp] Shutting down kernels
[I 11:11:21.587 NotebookApp] Kernel shutdown: 24339aec-4c8b-46ff-9c44-0a2ce0d64abc
